<?xml version="1.0" encoding="UTF-8"?>
<!-- Generated by org.testng.reporters.JUnitXMLReporter -->
<testsuite ignored="0" hostname="Sanjaypc" failures="2" tests="4" name="Test" time="60.97" errors="0" timestamp="2024-09-13T19:32:18 IST">
  <testcase classname="TestCases.Retesting" name="datadrivertesting" time="10.233"/>
  <testcase classname="TestCases.Retesting" name="datadrivertesting" time="3.679"/>
  <testcase classname="TestCases.Retesting" name="datadrivertesting" time="11.827">
    <failure type="java.lang.AssertionError" message="null">
      <![CDATA[java.lang.AssertionError: null
at TestCases.Retesting.datadrivertesting(Retesting.java:42)
at java.base/java.util.ArrayList.forEach(ArrayList.java:1511)
... Removed 27 stack frames]]>
    </failure>
  </testcase> <!-- datadrivertesting -->
  <testcase classname="TestCases.Retesting" name="datadrivertesting" time="11.622">
    <failure type="java.lang.AssertionError" message="null">
      <![CDATA[java.lang.AssertionError: null
at TestCases.Retesting.datadrivertesting(Retesting.java:42)
at java.base/java.util.ArrayList.forEach(ArrayList.java:1511)
... Removed 27 stack frames]]>
    </failure>
  </testcase> <!-- datadrivertesting -->
</testsuite> <!-- Test -->
