<?xml version="1.0" encoding="UTF-8"?>
<!-- Generated by org.testng.reporters.JUnitXMLReporter -->
<testsuite ignored="1" hostname="Sanjaypc" failures="0" tests="2" name="Test1" time="25.7" errors="0" timestamp="2024-11-26T20:25:00 IST">
  <testcase classname="TestCases.LoginClass" name="login" time="2.639"/>
  <testcase classname="TestCases.Invalidcredentialsclass" name="invaluddata" time="0.627"/>
  <testcase classname="TestCases.BaseClass" name="@AfterSuite tearout" time="0.0">
    <ignored/>
  </testcase> <!-- @AfterSuite tearout -->
</testsuite> <!-- Test1 -->
