<?xml version="1.0" encoding="UTF-8"?>
<testng-results ignored="0" total="1" passed="1" failed="0" skipped="0">
  <reporter-output>
  </reporter-output>
  <suite started-at="2024-11-09T19:10:51 IST" name="Suite" finished-at="2024-11-09T19:11:37 IST" duration-ms="46016">
    <groups>
      <group name="sanity">
        <method signature="LoginClass.login()[pri:0, instance:TestCases.LoginClass@3e84448c]" name="login" class="TestCases.LoginClass"/>
      </group> <!-- sanity -->
    </groups>
    <test started-at="2024-11-09T19:10:51 IST" name="Test" finished-at="2024-11-09T19:11:37 IST" duration-ms="46016">
      <class name="TestCases.LoginClass">
        <test-method is-config="true" signature="setup()[pri:0, instance:TestCases.LoginClass@3e84448c]" started-at="2024-11-09T19:10:52 IST" name="setup" finished-at="2024-11-09T19:11:20 IST" duration-ms="28474" status="PASS">
          <reporter-output>
          </reporter-output>
        </test-method> <!-- setup -->
        <test-method signature="login()[pri:0, instance:TestCases.LoginClass@3e84448c]" started-at="2024-11-09T19:11:20 IST" name="login" finished-at="2024-11-09T19:11:37 IST" duration-ms="17024" status="PASS">
          <reporter-output>
          </reporter-output>
        </test-method> <!-- login -->
      </class> <!-- TestCases.LoginClass -->
    </test> <!-- Test -->
  </suite> <!-- Suite -->
</testng-results>
