<?xml version="1.0" encoding="UTF-8"?>
<testng-results ignored="1" total="3" passed="2" failed="0" skipped="0">
  <reporter-output>
  </reporter-output>
  <suite started-at="2024-11-26T20:24:34 IST" name="Suite1" finished-at="2024-11-26T20:25:00 IST" duration-ms="25700">
    <groups>
      <group name="regression">
        <method signature="Invalidcredentialsclass.invaluddata()[pri:0, instance:TestCases.Invalidcredentialsclass@1534f01b]" name="invaluddata" class="TestCases.Invalidcredentialsclass"/>
      </group> <!-- regression -->
      <group name="sanity">
        <method signature="LoginClass.login()[pri:0, instance:TestCases.LoginClass@4ddced80]" name="login" class="TestCases.LoginClass"/>
      </group> <!-- sanity -->
    </groups>
    <test started-at="2024-11-26T20:24:34 IST" name="Test1" finished-at="2024-11-26T20:25:00 IST" duration-ms="25700">
      <class name="TestCases.LoginClass">
        <test-method is-config="true" signature="setup()[pri:0, instance:TestCases.LoginClass@4ddced80]" started-at="2024-11-26T20:24:34 IST" name="setup" finished-at="2024-11-26T20:24:47 IST" duration-ms="12969" status="PASS">
          <reporter-output>
          </reporter-output>
        </test-method> <!-- setup -->
        <test-method signature="login()[pri:0, instance:TestCases.LoginClass@4ddced80]" started-at="2024-11-26T20:24:47 IST" name="login" finished-at="2024-11-26T20:24:50 IST" duration-ms="2639" status="PASS">
          <reporter-output>
          </reporter-output>
        </test-method> <!-- login -->
        <test-method is-config="true" signature="tearout()[pri:0, instance:TestCases.LoginClass@4ddced80]" started-at="2024-11-26T20:25:00 IST" name="tearout" finished-at="2024-11-26T20:25:01 IST" duration-ms="370" status="PASS">
          <reporter-output>
          </reporter-output>
        </test-method> <!-- tearout -->
      </class> <!-- TestCases.LoginClass -->
      <class name="TestCases.Invalidcredentialsclass">
        <test-method is-config="true" signature="setup()[pri:0, instance:TestCases.Invalidcredentialsclass@1534f01b]" started-at="2024-11-26T20:24:50 IST" name="setup" finished-at="2024-11-26T20:24:59 IST" duration-ms="8967" status="PASS">
          <reporter-output>
          </reporter-output>
        </test-method> <!-- setup -->
        <test-method signature="invaluddata()[pri:0, instance:TestCases.Invalidcredentialsclass@1534f01b]" started-at="2024-11-26T20:24:59 IST" name="invaluddata" finished-at="2024-11-26T20:25:00 IST" duration-ms="627" status="PASS">
          <reporter-output>
          </reporter-output>
        </test-method> <!-- invaluddata -->
      </class> <!-- TestCases.Invalidcredentialsclass -->
    </test> <!-- Test1 -->
  </suite> <!-- Suite1 -->
</testng-results>
