<?xml version="1.0" encoding="UTF-8"?>
<testng-results ignored="0" total="2" passed="2" failed="0" skipped="0">
  <reporter-output>
  </reporter-output>
  <suite started-at="2024-11-26T20:07:45 IST" name="Suite1" finished-at="2024-11-26T20:08:04 IST" duration-ms="19398">
    <groups>
      <group name="regression">
        <method signature="Invalidcredentialsclass.invaluddata()[pri:0, instance:TestCases.Invalidcredentialsclass@6f46426d]" name="invaluddata" class="TestCases.Invalidcredentialsclass"/>
      </group> <!-- regression -->
      <group name="sanity">
        <method signature="LoginClass.login()[pri:0, instance:TestCases.LoginClass@3d5c822d]" name="login" class="TestCases.LoginClass"/>
      </group> <!-- sanity -->
    </groups>
    <test started-at="2024-11-26T20:07:45 IST" name="Test1" finished-at="2024-11-26T20:08:04 IST" duration-ms="19398">
      <class name="TestCases.LoginClass">
        <test-method is-config="true" signature="setup()[pri:0, instance:TestCases.LoginClass@3d5c822d]" started-at="2024-11-26T20:07:45 IST" name="setup" finished-at="2024-11-26T20:07:53 IST" duration-ms="8384" status="PASS">
          <reporter-output>
          </reporter-output>
        </test-method> <!-- setup -->
        <test-method signature="login()[pri:0, instance:TestCases.LoginClass@3d5c822d]" started-at="2024-11-26T20:07:53 IST" name="login" finished-at="2024-11-26T20:07:56 IST" duration-ms="2971" status="PASS">
          <reporter-output>
          </reporter-output>
        </test-method> <!-- login -->
        <test-method is-config="true" signature="tearout()[pri:0, instance:TestCases.LoginClass@3d5c822d]" started-at="2024-11-26T20:07:56 IST" name="tearout" finished-at="2024-11-26T20:07:57 IST" duration-ms="384" status="PASS">
          <reporter-output>
          </reporter-output>
        </test-method> <!-- tearout -->
      </class> <!-- TestCases.LoginClass -->
      <class name="TestCases.Invalidcredentialsclass">
        <test-method is-config="true" signature="setup()[pri:0, instance:TestCases.Invalidcredentialsclass@6f46426d]" started-at="2024-11-26T20:07:57 IST" name="setup" finished-at="2024-11-26T20:08:03 IST" duration-ms="6243" status="PASS">
          <reporter-output>
          </reporter-output>
        </test-method> <!-- setup -->
        <test-method signature="invaluddata()[pri:0, instance:TestCases.Invalidcredentialsclass@6f46426d]" started-at="2024-11-26T20:08:03 IST" name="invaluddata" finished-at="2024-11-26T20:08:04 IST" duration-ms="639" status="PASS">
          <reporter-output>
          </reporter-output>
        </test-method> <!-- invaluddata -->
        <test-method is-config="true" signature="tearout()[pri:0, instance:TestCases.Invalidcredentialsclass@6f46426d]" started-at="2024-11-26T20:08:04 IST" name="tearout" finished-at="2024-11-26T20:08:04 IST" duration-ms="357" status="PASS">
          <reporter-output>
          </reporter-output>
        </test-method> <!-- tearout -->
      </class> <!-- TestCases.Invalidcredentialsclass -->
    </test> <!-- Test1 -->
  </suite> <!-- Suite1 -->
</testng-results>
